
ROM used:   121/8192 (1%)
            121/8192 (1%) including unused fragments

            0.2 Average locations per line
            4.8 Average locations per statement

RAM used:   6/368 (2%) at main() level
            6/368 (2%) worst case

Stack used: 1 worst case (1 in main + 0 for interrupts)
Stack size: 8

Lines Stmts  %   Files
----- ----- ---  -----
   39    25 100  main.c
    5     0   0  main.h
  708     0   0  ..\..\..\..\..\..\..\Program Files (x86)\PICC\Devices\16F877A.h
----- -----
  752    25 Total

Page ROM  %  RAM    Vol Diff  Functions:
---- --- --- ---    --- ----  ----------
0     21  17    1             @delay_ms2
0     96  79    1    564  2.9  main
 Inline         0             @cinit1

Program metrics:
    Functions               1
    Statements              25
    Comments                143
    Volume (V)              569
    Difficulty (D)          2.8
    Effort to implement (E) 1571
    Time to implement (T)   1 minutes
    Est Delivered Bugs (B)  0
    Cyclomatic Complexity   1
    Maintainability (MI)    70

 Segment     Used  Free
-----------  ----  ----
00000-00003     4  0  
00004-007FF   117  1927  
00800-00FFF     0  2048  
01000-017FF     0  2048  
01800-01FFF     0  2048  



